# JRE version: OpenJDK Runtime Environment (7.0_75-b13) (build 1.7.0_75-b13)
# Java VM: OpenJDK 64-Bit Server VM (24.75-b04 mixed mode linux-amd64 compressed oops)
Heap
 PSYoungGen      total 205312K, used 64K [0x00000000eba80000, 0x00000000f8500000, 0x0000000100000000)
  eden space 203264K, 0% used [0x00000000eba80000,0x00000000eba80000,0x00000000f8100000)
  from space 2048K, 3% used [0x00000000f8100000,0x00000000f8110000,0x00000000f8300000)
  to   space 2048K, 0% used [0x00000000f8300000,0x00000000f8300000,0x00000000f8500000)
 ParOldGen       total 41472K, used 1317K [0x00000000c3000000, 0x00000000c5880000, 0x00000000eba80000)
  object space 41472K, 3% used [0x00000000c3000000,0x00000000c31496c8,0x00000000c5880000)
 PSPermGen       total 21504K, used 9561K [0x00000000b8a00000, 0x00000000b9f00000, 0x00000000c3000000)
  object space 21504K, 44% used [0x00000000b8a00000,0x00000000b9356648,0x00000000b9f00000)
GC Heap History (10 events):
Event: 12,254 GC heap after
Heap after GC invocations=6 (full 0):
 PSYoungGen      total 65024K, used 1344K [0x00000000eba80000, 0x00000000efb80000, 0x0000000100000000)
  eden space 63488K, 0% used [0x00000000eba80000,0x00000000eba80000,0x00000000ef880000)
  from space 1536K, 87% used [0x00000000efa00000,0x00000000efb50020,0x00000000efb80000)
  to   space 1536K, 0% used [0x00000000ef880000,0x00000000ef880000,0x00000000efa00000)
 ParOldGen       total 41472K, used 24K [0x00000000c3000000, 0x00000000c5880000, 0x00000000eba80000)
  object space 41472K, 0% used [0x00000000c3000000,0x00000000c3006000,0x00000000c5880000)
 PSPermGen       total 21504K, used 9561K [0x00000000b8a00000, 0x00000000b9f00000, 0x00000000c3000000)
  object space 21504K, 44% used [0x00000000b8a00000,0x00000000b9356648,0x00000000b9f00000)
}
Event: 13,067 GC heap before
{Heap before GC invocations=7 (full 0):
 PSYoungGen      total 65024K, used 64832K [0x00000000eba80000, 0x00000000efb80000, 0x0000000100000000)
  eden space 63488K, 100% used [0x00000000eba80000,0x00000000ef880000,0x00000000ef880000)
  from space 1536K, 87% used [0x00000000efa00000,0x00000000efb50020,0x00000000efb80000)
  to   space 1536K, 0% used [0x00000000ef880000,0x00000000ef880000,0x00000000efa00000)
 ParOldGen       total 41472K, used 24K [0x00000000c3000000, 0x00000000c5880000, 0x00000000eba80000)
  object space 41472K, 0% used [0x00000000c3000000,0x00000000c3006000,0x00000000c5880000)
 PSPermGen       total 21504K, used 9561K [0x00000000b8a00000, 0x00000000b9f00000, 0x00000000c3000000)
  object space 21504K, 44% used [0x00000000b8a00000,0x00000000b9356648,0x00000000b9f00000)
Event: 13,083 GC heap after
Heap after GC invocations=7 (full 0):
 PSYoungGen      total 65024K, used 32K [0x00000000eba80000, 0x00000000f3a80000, 0x0000000100000000)
  eden space 63488K, 0% used [0x00000000eba80000,0x00000000eba80000,0x00000000ef880000)
  from space 1536K, 2% used [0x00000000ef880000,0x00000000ef888000,0x00000000efa00000)
  to   space 2048K, 0% used [0x00000000f3880000,0x00000000f3880000,0x00000000f3a80000)
 ParOldGen       total 41472K, used 1285K [0x00000000c3000000, 0x00000000c5880000, 0x00000000eba80000)
  object space 41472K, 3% used [0x00000000c3000000,0x00000000c31416c8,0x00000000c5880000)
 PSPermGen       total 21504K, used 9561K [0x00000000b8a00000, 0x00000000b9f00000, 0x00000000c3000000)
  object space 21504K, 44% used [0x00000000b8a00000,0x00000000b9356648,0x00000000b9f00000)
}
Event: 14,459 GC heap before
{Heap before GC invocations=8 (full 0):
 PSYoungGen      total 65024K, used 63520K [0x00000000eba80000, 0x00000000f3a80000, 0x0000000100000000)
  eden space 63488K, 100% used [0x00000000eba80000,0x00000000ef880000,0x00000000ef880000)
  from space 1536K, 2% used [0x00000000ef880000,0x00000000ef888000,0x00000000efa00000)
  to   space 2048K, 0% used [0x00000000f3880000,0x00000000f3880000,0x00000000f3a80000)
 ParOldGen       total 41472K, used 1285K [0x00000000c3000000, 0x00000000c5880000, 0x00000000eba80000)
  object space 41472K, 3% used [0x00000000c3000000,0x00000000c31416c8,0x00000000c5880000)
 PSPermGen       total 21504K, used 9561K [0x00000000b8a00000, 0x00000000b9f00000, 0x00000000c3000000)
  object space 21504K, 44% used [0x00000000b8a00000,0x00000000b9356648,0x00000000b9f00000)
Event: 14,462 GC heap after
Heap after GC invocations=8 (full 0):
 PSYoungGen      total 129024K, used 32K [0x00000000eba80000, 0x00000000f3a80000, 0x0000000100000000)
  eden space 126976K, 0% used [0x00000000eba80000,0x00000000eba80000,0x00000000f3680000)
  from space 2048K, 1% used [0x00000000f3880000,0x00000000f3888000,0x00000000f3a80000)
  to   space 2048K, 0% used [0x00000000f3680000,0x00000000f3680000,0x00000000f3880000)
 ParOldGen       total 41472K, used 1285K [0x00000000c3000000, 0x00000000c5880000, 0x00000000eba80000)
  object space 41472K, 3% used [0x00000000c3000000,0x00000000c31416c8,0x00000000c5880000)
 PSPermGen       total 21504K, used 9561K [0x00000000b8a00000, 0x00000000b9f00000, 0x00000000c3000000)
  object space 21504K, 44% used [0x00000000b8a00000,0x00000000b9356648,0x00000000b9f00000)
}
Event: 17,133 GC heap before
{Heap before GC invocations=9 (full 0):
 PSYoungGen      total 129024K, used 127008K [0x00000000eba80000, 0x00000000f3a80000, 0x0000000100000000)
  eden space 126976K, 100% used [0x00000000eba80000,0x00000000f3680000,0x00000000f3680000)
  from space 2048K, 1% used [0x00000000f3880000,0x00000000f3888000,0x00000000f3a80000)
  to   space 2048K, 0% used [0x00000000f3680000,0x00000000f3680000,0x00000000f3880000)
 ParOldGen       total 41472K, used 1285K [0x00000000c3000000, 0x00000000c5880000, 0x00000000eba80000)
  object space 41472K, 3% used [0x00000000c3000000,0x00000000c31416c8,0x00000000c5880000)
 PSPermGen       total 21504K, used 9561K [0x00000000b8a00000, 0x00000000b9f00000, 0x00000000c3000000)
  object space 21504K, 44% used [0x00000000b8a00000,0x00000000b9356648,0x00000000b9f00000)
Event: 17,139 GC heap after
Heap after GC invocations=9 (full 0):
 PSYoungGen      total 129024K, used 64K [0x00000000eba80000, 0x00000000f8500000, 0x0000000100000000)
  eden space 126976K, 0% used [0x00000000eba80000,0x00000000eba80000,0x00000000f3680000)
  from space 2048K, 3% used [0x00000000f3680000,0x00000000f3690000,0x00000000f3880000)
  to   space 2048K, 0% used [0x00000000f8300000,0x00000000f8300000,0x00000000f8500000)
 ParOldGen       total 41472K, used 1285K [0x00000000c3000000, 0x00000000c5880000, 0x00000000eba80000)
  object space 41472K, 3% used [0x00000000c3000000,0x00000000c31416c8,0x00000000c5880000)
 PSPermGen       total 21504K, used 9561K [0x00000000b8a00000, 0x00000000b9f00000, 0x00000000c3000000)
  object space 21504K, 44% used [0x00000000b8a00000,0x00000000b9356648,0x00000000b9f00000)
}
Event: 18,995 GC heap before
{Heap before GC invocations=10 (full 0):
 PSYoungGen      total 129024K, used 127040K [0x00000000eba80000, 0x00000000f8500000, 0x0000000100000000)
  eden space 126976K, 100% used [0x00000000eba80000,0x00000000f3680000,0x00000000f3680000)
  from space 2048K, 3% used [0x00000000f3680000,0x00000000f3690000,0x00000000f3880000)
  to   space 2048K, 0% used [0x00000000f8300000,0x00000000f8300000,0x00000000f8500000)
 ParOldGen       total 41472K, used 1285K [0x00000000c3000000, 0x00000000c5880000, 0x00000000eba80000)
  object space 41472K, 3% used [0x00000000c3000000,0x00000000c31416c8,0x00000000c5880000)
 PSPermGen       total 21504K, used 9561K [0x00000000b8a00000, 0x00000000b9f00000, 0x00000000c3000000)
  object space 21504K, 44% used [0x00000000b8a00000,0x00000000b9356648,0x00000000b9f00000)
Event: 19,001 GC heap after
Heap after GC invocations=10 (full 0):
 PSYoungGen      total 205312K, used 32K [0x00000000eba80000, 0x00000000f8500000, 0x0000000100000000)
  eden space 203264K, 0% used [0x00000000eba80000,0x00000000eba80000,0x00000000f8100000)
  from space 2048K, 1% used [0x00000000f8300000,0x00000000f8308000,0x00000000f8500000)
  to   space 2048K, 0% used [0x00000000f8100000,0x00000000f8100000,0x00000000f8300000)
 ParOldGen       total 41472K, used 1293K [0x00000000c3000000, 0x00000000c5880000, 0x00000000eba80000)
  object space 41472K, 3% used [0x00000000c3000000,0x00000000c31436c8,0x00000000c5880000)
 PSPermGen       total 21504K, used 9561K [0x00000000b8a00000, 0x00000000b9f00000, 0x00000000c3000000)
  object space 21504K, 44% used [0x00000000b8a00000,0x00000000b9356648,0x00000000b9f00000)
}
Event: 24,946 GC heap before
{Heap before GC invocations=11 (full 0):
 PSYoungGen      total 205312K, used 203296K [0x00000000eba80000, 0x00000000f8500000, 0x0000000100000000)
  eden space 203264K, 100% used [0x00000000eba80000,0x00000000f8100000,0x00000000f8100000)
  from space 2048K, 1% used [0x00000000f8300000,0x00000000f8308000,0x00000000f8500000)
  to   space 2048K, 0% used [0x00000000f8100000,0x00000000f8100000,0x00000000f8300000)
 ParOldGen       total 41472K, used 1293K [0x00000000c3000000, 0x00000000c5880000, 0x00000000eba80000)
  object space 41472K, 3% used [0x00000000c3000000,0x00000000c31436c8,0x00000000c5880000)
 PSPermGen       total 21504K, used 9561K [0x00000000b8a00000, 0x00000000b9f00000, 0x00000000c3000000)
  object space 21504K, 44% used [0x00000000b8a00000,0x00000000b9356648,0x00000000b9f00000)

